<?xml version="1.0" encoding="UTF-8"?>
<coverage generated="1713584717204" clover="3.2.0">
  <project timestamp="1713584717204" name="All files">
    <metrics statements="86" coveredstatements="86" conditionals="15" coveredconditionals="14" methods="3" coveredmethods="3" elements="104" coveredelements="103" complexity="0" loc="86" ncloc="86" packages="1" files="1" classes="1"/>
    <file name="useForm.ts" path="/Users/i568723/workspace/ifsul/agile-project-3a/apps/agile-project-fe/src/app/hooks/useForm/useForm.ts">
      <metrics statements="86" coveredstatements="86" conditionals="15" coveredconditionals="14" methods="3" coveredmethods="3"/>
      <line num="1" count="1" type="stmt"/>
      <line num="2" count="1" type="stmt"/>
      <line num="3" count="1" type="cond" truecount="1" falsecount="0"/>
      <line num="4" count="1" type="stmt"/>
      <line num="5" count="1" type="stmt"/>
      <line num="6" count="1" type="stmt"/>
      <line num="7" count="1" type="stmt"/>
      <line num="8" count="1" type="stmt"/>
      <line num="9" count="1" type="stmt"/>
      <line num="10" count="1" type="stmt"/>
      <line num="11" count="1" type="stmt"/>
      <line num="12" count="1" type="stmt"/>
      <line num="13" count="1" type="stmt"/>
      <line num="14" count="1" type="stmt"/>
      <line num="15" count="1" type="stmt"/>
      <line num="16" count="1" type="stmt"/>
      <line num="17" count="1" type="stmt"/>
      <line num="18" count="1" type="stmt"/>
      <line num="19" count="1" type="stmt"/>
      <line num="20" count="1" type="stmt"/>
      <line num="21" count="1" type="stmt"/>
      <line num="22" count="1" type="stmt"/>
      <line num="23" count="1" type="stmt"/>
      <line num="24" count="1" type="stmt"/>
      <line num="25" count="1" type="stmt"/>
      <line num="26" count="1" type="stmt"/>
      <line num="27" count="1" type="stmt"/>
      <line num="28" count="1" type="stmt"/>
      <line num="29" count="1" type="stmt"/>
      <line num="30" count="1" type="stmt"/>
      <line num="31" count="1" type="stmt"/>
      <line num="32" count="1" type="cond" truecount="1" falsecount="0"/>
      <line num="33" count="29" type="stmt"/>
      <line num="34" count="29" type="stmt"/>
      <line num="35" count="29" type="stmt"/>
      <line num="36" count="29" type="stmt"/>
      <line num="37" count="29" type="stmt"/>
      <line num="38" count="29" type="cond" truecount="1" falsecount="0"/>
      <line num="39" count="7" type="stmt"/>
      <line num="40" count="7" type="stmt"/>
      <line num="41" count="7" type="stmt"/>
      <line num="42" count="7" type="stmt"/>
      <line num="43" count="7" type="stmt"/>
      <line num="44" count="7" type="cond" truecount="1" falsecount="0"/>
      <line num="45" count="13" type="stmt"/>
      <line num="46" count="13" type="stmt"/>
      <line num="47" count="7" type="stmt"/>
      <line num="48" count="7" type="stmt"/>
      <line num="49" count="7" type="stmt"/>
      <line num="50" count="7" type="stmt"/>
      <line num="51" count="29" type="stmt"/>
      <line num="52" count="29" type="stmt"/>
      <line num="53" count="29" type="cond" truecount="1" falsecount="0"/>
      <line num="54" count="18" type="stmt"/>
      <line num="55" count="18" type="stmt"/>
      <line num="56" count="18" type="stmt"/>
      <line num="57" count="18" type="cond" truecount="1" falsecount="0"/>
      <line num="58" count="20" type="stmt"/>
      <line num="59" count="20" type="stmt"/>
      <line num="60" count="20" type="cond" truecount="1" falsecount="0"/>
      <line num="61" count="20" type="stmt"/>
      <line num="62" count="20" type="cond" truecount="2" falsecount="0"/>
      <line num="63" count="20" type="stmt"/>
      <line num="64" count="20" type="cond" truecount="2" falsecount="1"/>
      <line num="65" count="20" type="stmt"/>
      <line num="66" count="20" type="stmt"/>
      <line num="67" count="20" type="stmt"/>
      <line num="68" count="20" type="stmt"/>
      <line num="69" count="20" type="stmt"/>
      <line num="70" count="18" type="stmt"/>
      <line num="71" count="18" type="stmt"/>
      <line num="72" count="18" type="stmt"/>
      <line num="73" count="29" type="stmt"/>
      <line num="74" count="29" type="stmt"/>
      <line num="75" count="29" type="cond" truecount="2" falsecount="0"/>
      <line num="76" count="29" type="stmt"/>
      <line num="77" count="29" type="cond" truecount="1" falsecount="0"/>
      <line num="78" count="4" type="stmt"/>
      <line num="79" count="4" type="stmt"/>
      <line num="80" count="4" type="stmt"/>
      <line num="81" count="4" type="stmt"/>
      <line num="82" count="4" type="stmt"/>
      <line num="83" count="4" type="stmt"/>
      <line num="84" count="29" type="stmt"/>
      <line num="85" count="29" type="stmt"/>
      <line num="86" count="29" type="stmt"/>
    </file>
  </project>
</coverage>
